<?xml version="1.0" encoding="UTF-8"?>
<!-- Generated by org.testng.reporters.JUnitReportReporter -->
<testsuite skipped="2" hostname="MAHDAS-LAP2" name="testCases.LoginPageTest" tests="3" failures="0" timestamp="27 Dec 2018 12:20:47 GMT" time="46.244" errors="1">
  <testcase name="setup" time="46.244" classname="testCases.LoginPageTest">
    <error type="org.openqa.selenium.WebDriverException" message="Timed out waiting 45 seconds for Firefox to start.
Build info: version: &#039;3.14.0&#039;, revision: &#039;aacccce0&#039;, time: &#039;2018-08-02T20:19:58.91Z&#039;
System info: host: &#039;MAHDAS-LAP2&#039;, ip: &#039;10.0.0.1&#039;, os.name: &#039;Windows 7&#039;, os.arch: &#039;amd64&#039;, os.version: &#039;6.1&#039;, java.version: &#039;1.8.0_102&#039;
Driver info: driver.version: FirefoxDriver">
      <![CDATA[org.openqa.selenium.WebDriverException: Timed out waiting 45 seconds for Firefox to start.
Build info: version: '3.14.0', revision: 'aacccce0', time: '2018-08-02T20:19:58.91Z'
System info: host: 'MAHDAS-LAP2', ip: '10.0.0.1', os.name: 'Windows 7', os.arch: 'amd64', os.version: '6.1', java.version: '1.8.0_102'
Driver info: driver.version: FirefoxDriver
	at org.openqa.selenium.firefox.XpiDriverService.waitUntilAvailable(XpiDriverService.java:133)
	at org.openqa.selenium.firefox.XpiDriverService.start(XpiDriverService.java:118)
	at org.openqa.selenium.remote.service.DriverCommandExecutor.execute(DriverCommandExecutor.java:79)
	at org.openqa.selenium.remote.RemoteWebDriver.execute(RemoteWebDriver.java:548)
	at org.openqa.selenium.remote.RemoteWebDriver.startSession(RemoteWebDriver.java:212)
	at org.openqa.selenium.remote.RemoteWebDriver.<init>(RemoteWebDriver.java:130)
	at org.openqa.selenium.firefox.FirefoxDriver.<init>(FirefoxDriver.java:125)
	at org.openqa.selenium.firefox.FirefoxDriver.<init>(FirefoxDriver.java:103)
	at testbase.TestBase.init(TestBase.java:49)
	at testCases.LoginPageTest.setup(LoginPageTest.java:30)
	at sun.reflect.NativeMethodAccessorImpl.invoke0(Native Method)
	at sun.reflect.NativeMethodAccessorImpl.invoke(NativeMethodAccessorImpl.java:62)
	at sun.reflect.DelegatingMethodAccessorImpl.invoke(DelegatingMethodAccessorImpl.java:43)
	at java.lang.reflect.Method.invoke(Method.java:498)
	at org.testng.internal.MethodInvocationHelper.invokeMethod(MethodInvocationHelper.java:108)
	at org.testng.internal.Invoker.invokeConfigurationMethod(Invoker.java:523)
	at org.testng.internal.Invoker.invokeConfigurations(Invoker.java:224)
	at org.testng.internal.Invoker.invokeMethod(Invoker.java:599)
	at org.testng.internal.Invoker.invokeTestMethod(Invoker.java:869)
	at org.testng.internal.Invoker.invokeTestMethods(Invoker.java:1193)
	at org.testng.internal.TestMethodWorker.invokeTestMethods(TestMethodWorker.java:126)
	at org.testng.internal.TestMethodWorker.run(TestMethodWorker.java:109)
	at org.testng.TestRunner.privateRun(TestRunner.java:744)
	at org.testng.TestRunner.run(TestRunner.java:602)
	at org.testng.SuiteRunner.runTest(SuiteRunner.java:380)
	at org.testng.SuiteRunner.runSequentially(SuiteRunner.java:375)
	at org.testng.SuiteRunner.privateRun(SuiteRunner.java:340)
	at org.testng.SuiteRunner.run(SuiteRunner.java:289)
	at org.testng.SuiteRunnerWorker.runSuite(SuiteRunnerWorker.java:52)
	at org.testng.SuiteRunnerWorker.run(SuiteRunnerWorker.java:86)
	at org.testng.TestNG.runSuitesSequentially(TestNG.java:1301)
	at org.testng.TestNG.runSuitesLocally(TestNG.java:1226)
	at org.testng.TestNG.runSuites(TestNG.java:1144)
	at org.testng.TestNG.run(TestNG.java:1115)
	at org.apache.maven.surefire.testng.TestNGExecutor.run(TestNGExecutor.java:77)
	at org.apache.maven.surefire.testng.TestNGDirectoryTestSuite.execute(TestNGDirectoryTestSuite.java:110)
	at org.apache.maven.surefire.testng.TestNGProvider.invoke(TestNGProvider.java:106)
	at sun.reflect.NativeMethodAccessorImpl.invoke0(Native Method)
	at sun.reflect.NativeMethodAccessorImpl.invoke(NativeMethodAccessorImpl.java:62)
	at sun.reflect.DelegatingMethodAccessorImpl.invoke(DelegatingMethodAccessorImpl.java:43)
	at java.lang.reflect.Method.invoke(Method.java:498)
	at org.apache.maven.surefire.util.ReflectionUtils.invokeMethodWithArray(ReflectionUtils.java:189)
	at org.apache.maven.surefire.booter.ProviderFactory$ProviderProxy.invoke(ProviderFactory.java:165)
	at org.apache.maven.surefire.booter.ProviderFactory.invokeProvider(ProviderFactory.java:85)
	at org.apache.maven.surefire.booter.ForkedBooter.runSuitesInProcess(ForkedBooter.java:115)
	at org.apache.maven.surefire.booter.ForkedBooter.main(ForkedBooter.java:75)
Caused by: org.openqa.selenium.net.UrlChecker$TimeoutException: Timed out waiting for [http://localhost:48427/hub/status] to be available after 45003 ms
	at org.openqa.selenium.net.UrlChecker.waitUntilAvailable(UrlChecker.java:100)
	at org.openqa.selenium.firefox.XpiDriverService.waitUntilAvailable(XpiDriverService.java:131)
	... 45 more
Caused by: java.util.concurrent.TimeoutException
	at java.util.concurrent.FutureTask.get(FutureTask.java:205)
	at com.google.common.util.concurrent.SimpleTimeLimiter.callWithTimeout(SimpleTimeLimiter.java:156)
	at org.openqa.selenium.net.UrlChecker.waitUntilAvailable(UrlChecker.java:75)
	... 46 more
]]>
    </error>
  </testcase> <!-- setup -->
  <testcase name="verifyPageTitle" time="0.000" classname="testCases.LoginPageTest">
    <skipped/>
  </testcase> <!-- verifyPageTitle -->
  <testcase name="verifySubmit" time="0.000" classname="testCases.LoginPageTest">
    <skipped/>
  </testcase> <!-- verifySubmit -->
</testsuite> <!-- testCases.LoginPageTest -->
